#
# There is insufficient memory for the Java Runtime Environment to continue.
# Native memory allocation (malloc) failed to allocate 643856 bytes. Error detail: Chunk::new
# Possible reasons:
#   The system is out of physical RAM or swap space
#   This process is running with CompressedOops enabled, and the Java Heap may be blocking the growth of the native heap
# Possible solutions:
#   Reduce memory load on the system
#   Increase physical memory or swap space
#   Check if swap backing store is full
#   Decrease Java heap size (-Xmx/-Xms)
#   Decrease number of Java threads
#   Decrease Java thread stack sizes (-Xss)
#   Set larger code cache with -XX:ReservedCodeCacheSize=
#   JVM is running with Unscaled Compressed Oops mode in which the Java heap is
#     placed in the first 4GB address space. The Java Heap base address is the
#     maximum limit for the native heap growth. Please use -XX:HeapBaseMinAddress
#     to set the Java Heap base and to place the Java Heap above 4GB virtual address.
# This output file may be truncated or incomplete.
#
#  Out of Memory Error (arena.cpp:168), pid=31468, tid=34408
#
# JRE version: OpenJDK Runtime Environment Temurin-21.0.8+9 (21.0.8+9) (build 21.0.8+9-LTS)
# Java VM: OpenJDK 64-Bit Server VM Temurin-21.0.8+9 (21.0.8+9-LTS, mixed mode, sharing, tiered, compressed oops, compressed class ptrs, parallel gc, windows-amd64)
# No core dump will be written. Minidumps are not enabled by default on client versions of Windows
#

---------------  S U M M A R Y ------------

Command Line: --add-modules=ALL-SYSTEM --add-opens=java.base/java.util=ALL-UNNAMED --add-opens=java.base/java.lang=ALL-UNNAMED --add-opens=java.base/sun.nio.fs=ALL-UNNAMED -Declipse.application=org.eclipse.jdt.ls.core.id1 -Dosgi.bundles.defaultStartLevel=4 -Declipse.product=org.eclipse.jdt.ls.core.product -Djava.import.generatesMetadataFilesAtProjectRoot=false -DDetectVMInstallationsJob.disabled=true -Dfile.encoding=utf8 -XX:+UseParallelGC -XX:GCTimeRatio=4 -XX:AdaptiveSizePolicyWeight=90 -Dsun.zip.disableMemoryMapping=true -Xmx2G -Xms100m -Xlog:disable -javaagent:c:\Users\techn\.vscode\extensions\redhat.java-1.44.0-win32-x64\lombok\lombok-1.18.39-4050.jar -XX:+HeapDumpOnOutOfMemoryError -XX:HeapDumpPath=c:\Users\techn\AppData\Roaming\Code\User\workspaceStorage\8857c55765e5554855139e5f1cbb487a\redhat.java -Daether.dependencyCollector.impl=bf c:\Users\techn\.vscode\extensions\redhat.java-1.44.0-win32-x64\server\plugins\org.eclipse.equinox.launcher_1.7.0.v20250519-0528.jar -configuration c:\Users\techn\AppData\Roaming\Code\User\globalStorage\redhat.java\1.44.0\config_win -data c:\Users\techn\AppData\Roaming\Code\User\workspaceStorage\8857c55765e5554855139e5f1cbb487a\redhat.java\jdt_ws --pipe=\\.\pipe\lsp-5be12c88e153e89e49ec232366b1076d-sock

Host: 12th Gen Intel(R) Core(TM) i7-12650H, 16 cores, 15G,  Windows 11 , 64 bit Build 26100 (10.0.26100.4768)
Time: Sat Aug 23 23:18:01 2025 Eastern Daylight Time elapsed time: 391.657187 seconds (0d 0h 6m 31s)

---------------  T H R E A D  ---------------

Current thread (0x0000020f7ec37be0):  JavaThread "C2 CompilerThread0" daemon [_thread_in_native, id=34408, stack(0x0000001c98e00000,0x0000001c98f00000) (1024K)]


Current CompileTask:
C2:391657 16784       4       java.lang.ClassLoader::defineClass (43 bytes)

Stack: [0x0000001c98e00000,0x0000001c98f00000]
Native frames: (J=compiled Java code, j=interpreted, Vv=VM code, C=native code)
V  [jvm.dll+0x6d2449]
V  [jvm.dll+0x8ae341]
V  [jvm.dll+0x8b08be]
V  [jvm.dll+0x8b0fa3]
V  [jvm.dll+0x280c96]
V  [jvm.dll+0xc581d]
V  [jvm.dll+0xc5d53]
V  [jvm.dll+0x2f539d]
V  [jvm.dll+0x5fa00a]
V  [jvm.dll+0x252092]
V  [jvm.dll+0x25244f]
V  [jvm.dll+0x24ad14]
V  [jvm.dll+0x2483a4]
V  [jvm.dll+0x1c89ee]
V  [jvm.dll+0x257d4d]
V  [jvm.dll+0x2562ea]
V  [jvm.dll+0x3f2d16]
V  [jvm.dll+0x857e6b]
V  [jvm.dll+0x6d0b0d]
C  [ucrtbase.dll+0x37b0]
C  [KERNEL32.DLL+0x2e8d7]
C  [ntdll.dll+0x3c34c]


---------------  P R O C E S S  ---------------

Threads class SMR info:
_java_thread_list=0x0000020f49903920, length=89, elements={
0x0000020f64da5ae0, 0x0000020f7d74d170, 0x0000020f7d74e080, 0x0000020f64e44420,
0x0000020f64e48cb0, 0x0000020f64e4ab20, 0x0000020f64e5e8b0, 0x0000020f7ec37be0,
0x0000020f7ec45340, 0x0000020f64e119d0, 0x0000020f4156e330, 0x0000020f460313c0,
0x0000020f461bd0f0, 0x0000020f41d31650, 0x0000020f46226290, 0x0000020f462e8ef0,
0x0000020f462e7b40, 0x0000020f462e6e20, 0x0000020f462e6790, 0x0000020f462e74b0,
0x0000020f462e81d0, 0x0000020f462e6100, 0x0000020f462e9580, 0x0000020f480f14d0,
0x0000020f480ee6e0, 0x0000020f480ee050, 0x0000020f480f0120, 0x0000020f480f1b60,
0x0000020f480f07b0, 0x0000020f480f0e40, 0x0000020f480efa90, 0x0000020f480f21f0,
0x0000020f480eed70, 0x0000020f480f2f10, 0x0000020f480f4fe0, 0x0000020f480f2880,
0x0000020f480f35a0, 0x0000020f480f3c30, 0x0000020f480f5670, 0x0000020f480f42c0,
0x0000020f480f4950, 0x0000020f492b3cb0, 0x0000020f492b4340, 0x0000020f492b2f90,
0x0000020f492b0ec0, 0x0000020f492b6410, 0x0000020f492b77c0, 0x0000020f492b7e50,
0x0000020f492b49d0, 0x0000020f492b7130, 0x0000020f492b5d80, 0x0000020f492b6aa0,
0x0000020f492b56f0, 0x0000020f492b5060, 0x0000020f4a75ce60, 0x0000020f4a75ef30,
0x0000020f4a75f5c0, 0x0000020f4a75db80, 0x0000020f4a75c140, 0x0000020f4a75e210,
0x0000020f4a75e8a0, 0x0000020f4a75c7d0, 0x0000020f4a761690, 0x0000020f4a761d20,
0x0000020f4a760970, 0x0000020f4a7623b0, 0x0000020f4a761000, 0x0000020f4a762a40,
0x0000020f4a7630d0, 0x0000020f4a75fc50, 0x0000020f4a763760, 0x0000020f4a7602e0,
0x0000020f4874d780, 0x0000020f48751290, 0x0000020f48751920, 0x0000020f48751fb0,
0x0000020f48752640, 0x0000020f4874f1c0, 0x0000020f48753360, 0x0000020f48754710,
0x0000020f487539f0, 0x0000020f48752cd0, 0x0000020f48754da0, 0x0000020f48754080,
0x0000020f4bf8e210, 0x0000020f4bf8e8a0, 0x0000020f4bf902e0, 0x0000020f4bf90970,
0x0000020f465d6ff0
}

Java Threads: ( => current thread )
  0x0000020f64da5ae0 JavaThread "main"                              [_thread_blocked, id=32340, stack(0x0000001c98400000,0x0000001c98500000) (1024K)]
  0x0000020f7d74d170 JavaThread "Reference Handler"          daemon [_thread_blocked, id=33440, stack(0x0000001c98800000,0x0000001c98900000) (1024K)]
  0x0000020f7d74e080 JavaThread "Finalizer"                  daemon [_thread_blocked, id=3700, stack(0x0000001c98900000,0x0000001c98a00000) (1024K)]
  0x0000020f64e44420 JavaThread "Signal Dispatcher"          daemon [_thread_blocked, id=33748, stack(0x0000001c98a00000,0x0000001c98b00000) (1024K)]
  0x0000020f64e48cb0 JavaThread "Attach Listener"            daemon [_thread_blocked, id=10908, stack(0x0000001c98b00000,0x0000001c98c00000) (1024K)]
  0x0000020f64e4ab20 JavaThread "Service Thread"             daemon [_thread_blocked, id=4052, stack(0x0000001c98c00000,0x0000001c98d00000) (1024K)]
  0x0000020f64e5e8b0 JavaThread "Monitor Deflation Thread"   daemon [_thread_blocked, id=18524, stack(0x0000001c98d00000,0x0000001c98e00000) (1024K)]
=>0x0000020f7ec37be0 JavaThread "C2 CompilerThread0"         daemon [_thread_in_native, id=34408, stack(0x0000001c98e00000,0x0000001c98f00000) (1024K)]
  0x0000020f7ec45340 JavaThread "C1 CompilerThread0"         daemon [_thread_blocked, id=34032, stack(0x0000001c98f00000,0x0000001c99000000) (1024K)]
  0x0000020f64e119d0 JavaThread "Common-Cleaner"             daemon [_thread_blocked, id=35096, stack(0x0000001c99000000,0x0000001c99100000) (1024K)]
  0x0000020f4156e330 JavaThread "Notification Thread"        daemon [_thread_blocked, id=744, stack(0x0000001c99500000,0x0000001c99600000) (1024K)]
  0x0000020f460313c0 JavaThread "Active Thread: Equinox Container: ac28bbab-1087-4c99-866c-e88aad13cef8"        [_thread_blocked, id=23256, stack(0x0000001c99300000,0x0000001c99400000) (1024K)]
  0x0000020f461bd0f0 JavaThread "Refresh Thread: Equinox Container: ac28bbab-1087-4c99-866c-e88aad13cef8" daemon [_thread_blocked, id=34008, stack(0x0000001c99d00000,0x0000001c99e00000) (1024K)]
  0x0000020f41d31650 JavaThread "Framework Event Dispatcher: Equinox Container: ac28bbab-1087-4c99-866c-e88aad13cef8" daemon [_thread_blocked, id=27852, stack(0x0000001c99e00000,0x0000001c99f00000) (1024K)]
  0x0000020f46226290 JavaThread "Start Level: Equinox Container: ac28bbab-1087-4c99-866c-e88aad13cef8" daemon [_thread_blocked, id=12964, stack(0x0000001c99f00000,0x0000001c9a000000) (1024K)]
  0x0000020f462e8ef0 JavaThread "Bundle File Closer"         daemon [_thread_blocked, id=3888, stack(0x0000001c99200000,0x0000001c99300000) (1024K)]
  0x0000020f462e7b40 JavaThread "SCR Component Actor"        daemon [_thread_blocked, id=32928, stack(0x0000001c9a200000,0x0000001c9a300000) (1024K)]
  0x0000020f462e6e20 JavaThread "Worker-JM"                         [_thread_blocked, id=35816, stack(0x0000001c9a600000,0x0000001c9a700000) (1024K)]
  0x0000020f462e6790 JavaThread "JNA Cleaner"                daemon [_thread_blocked, id=21656, stack(0x0000001c99100000,0x0000001c99200000) (1024K)]
  0x0000020f462e74b0 JavaThread "Worker-0: Initialize Workspace"        [_thread_blocked, id=32888, stack(0x0000001c98100000,0x0000001c98200000) (1024K)]
  0x0000020f462e81d0 JavaThread "Worker-1"                          [_thread_blocked, id=30572, stack(0x0000001c98200000,0x0000001c98300000) (1024K)]
  0x0000020f462e6100 JavaThread "Worker-2"                          [_thread_blocked, id=18068, stack(0x0000001c9ac00000,0x0000001c9ad00000) (1024K)]
  0x0000020f462e9580 JavaThread "Java indexing"              daemon [_thread_blocked, id=35432, stack(0x0000001c98300000,0x0000001c98400000) (1024K)]
  0x0000020f480f14d0 JavaThread "Thread-3"                   daemon [_thread_in_native, id=19204, stack(0x0000001c9b400000,0x0000001c9b500000) (1024K)]
  0x0000020f480ee6e0 JavaThread "Thread-4"                   daemon [_thread_in_native, id=32648, stack(0x0000001c9b500000,0x0000001c9b600000) (1024K)]
  0x0000020f480ee050 JavaThread "Thread-5"                   daemon [_thread_in_native, id=8464, stack(0x0000001c9b600000,0x0000001c9b700000) (1024K)]
  0x0000020f480f0120 JavaThread "Thread-6"                   daemon [_thread_in_native, id=26636, stack(0x0000001c9b700000,0x0000001c9b800000) (1024K)]
  0x0000020f480f1b60 JavaThread "Thread-7"                   daemon [_thread_in_native, id=21040, stack(0x0000001c9b800000,0x0000001c9b900000) (1024K)]
  0x0000020f480f07b0 JavaThread "Thread-8"                   daemon [_thread_in_native, id=19804, stack(0x0000001c9b900000,0x0000001c9ba00000) (1024K)]
  0x0000020f480f0e40 JavaThread "Thread-9"                   daemon [_thread_in_native, id=34144, stack(0x0000001c9ba00000,0x0000001c9bb00000) (1024K)]
  0x0000020f480efa90 JavaThread "Thread-10"                  daemon [_thread_in_native, id=14316, stack(0x0000001c9bb00000,0x0000001c9bc00000) (1024K)]
  0x0000020f480f21f0 JavaThread "Thread-11"                  daemon [_thread_in_native, id=22004, stack(0x0000001c9bc00000,0x0000001c9bd00000) (1024K)]
  0x0000020f480eed70 JavaThread "Thread-12"                  daemon [_thread_in_native, id=5020, stack(0x0000001c9bd00000,0x0000001c9be00000) (1024K)]
  0x0000020f480f2f10 JavaThread "Thread-13"                  daemon [_thread_in_native, id=32528, stack(0x0000001c9be00000,0x0000001c9bf00000) (1024K)]
  0x0000020f480f4fe0 JavaThread "Thread-14"                  daemon [_thread_in_native, id=27220, stack(0x0000001c9bf00000,0x0000001c9c000000) (1024K)]
  0x0000020f480f2880 JavaThread "Thread-15"                  daemon [_thread_in_native, id=31312, stack(0x0000001c9c000000,0x0000001c9c100000) (1024K)]
  0x0000020f480f35a0 JavaThread "Thread-16"                  daemon [_thread_in_native, id=17736, stack(0x0000001c9c100000,0x0000001c9c200000) (1024K)]
  0x0000020f480f3c30 JavaThread "Thread-17"                  daemon [_thread_in_native, id=22028, stack(0x0000001c9c200000,0x0000001c9c300000) (1024K)]
  0x0000020f480f5670 JavaThread "Thread-18"                  daemon [_thread_in_native, id=32964, stack(0x0000001c9c300000,0x0000001c9c400000) (1024K)]
  0x0000020f480f42c0 JavaThread "Thread-19"                  daemon [_thread_in_native, id=25700, stack(0x0000001c9c400000,0x0000001c9c500000) (1024K)]
  0x0000020f480f4950 JavaThread "pool-2-thread-1"                   [_thread_blocked, id=20396, stack(0x0000001c9c500000,0x0000001c9c600000) (1024K)]
  0x0000020f492b3cb0 JavaThread "WorkspaceEventsHandler"            [_thread_blocked, id=25228, stack(0x0000001c9c600000,0x0000001c9c700000) (1024K)]
  0x0000020f492b4340 JavaThread "pool-1-thread-1"                   [_thread_blocked, id=19400, stack(0x0000001c9c700000,0x0000001c9c800000) (1024K)]
  0x0000020f492b2f90 JavaThread "LocalFile Deleter"          daemon [_thread_blocked, id=29964, stack(0x0000001c9b000000,0x0000001c9b100000) (1024K)]
  0x0000020f492b0ec0 JavaThread "LocalFile Deleter"          daemon [_thread_blocked, id=19724, stack(0x0000001c9b200000,0x0000001c9b300000) (1024K)]
  0x0000020f492b6410 JavaThread "LocalFile Deleter"          daemon [_thread_blocked, id=8092, stack(0x0000001c9c800000,0x0000001c9c900000) (1024K)]
  0x0000020f492b77c0 JavaThread "LocalFile Deleter"          daemon [_thread_blocked, id=21808, stack(0x0000001c9c900000,0x0000001c9ca00000) (1024K)]
  0x0000020f492b7e50 JavaThread "LocalFile Deleter"          daemon [_thread_blocked, id=15276, stack(0x0000001c9ca00000,0x0000001c9cb00000) (1024K)]
  0x0000020f492b49d0 JavaThread "LocalFile Deleter"          daemon [_thread_blocked, id=28760, stack(0x0000001c9cb00000,0x0000001c9cc00000) (1024K)]
  0x0000020f492b7130 JavaThread "LocalFile Deleter"          daemon [_thread_blocked, id=10116, stack(0x0000001c9cc00000,0x0000001c9cd00000) (1024K)]
  0x0000020f492b5d80 JavaThread "LocalFile Deleter"          daemon [_thread_blocked, id=23708, stack(0x0000001c9cd00000,0x0000001c9ce00000) (1024K)]
  0x0000020f492b6aa0 JavaThread "LocalFile Deleter"          daemon [_thread_blocked, id=3196, stack(0x0000001c9ce00000,0x0000001c9cf00000) (1024K)]
  0x0000020f492b56f0 JavaThread "LocalFile Deleter"          daemon [_thread_blocked, id=1456, stack(0x0000001c9cf00000,0x0000001c9d000000) (1024K)]
  0x0000020f492b5060 JavaThread "LocalFile Deleter"          daemon [_thread_blocked, id=16236, stack(0x0000001c9d000000,0x0000001c9d100000) (1024K)]
  0x0000020f4a75ce60 JavaThread "LocalFile Deleter"          daemon [_thread_blocked, id=34124, stack(0x0000001c9d100000,0x0000001c9d200000) (1024K)]
  0x0000020f4a75ef30 JavaThread "LocalFile Deleter"          daemon [_thread_blocked, id=27156, stack(0x0000001c9d200000,0x0000001c9d300000) (1024K)]
  0x0000020f4a75f5c0 JavaThread "LocalFile Deleter"          daemon [_thread_blocked, id=17664, stack(0x0000001c9a900000,0x0000001c9aa00000) (1024K)]
  0x0000020f4a75db80 JavaThread "LocalFile Deleter"          daemon [_thread_blocked, id=17852, stack(0x0000001c9aa00000,0x0000001c9ab00000) (1024K)]
  0x0000020f4a75c140 JavaThread "Compiler Source File Reader" daemon [_thread_blocked, id=34320, stack(0x0000001c9a300000,0x0000001c9a400000) (1024K)]
  0x0000020f4a75e210 JavaThread "Compiler Source File Reader" daemon [_thread_blocked, id=13360, stack(0x0000001c9a500000,0x0000001c9a600000) (1024K)]
  0x0000020f4a75e8a0 JavaThread "Compiler Source File Reader" daemon [_thread_blocked, id=2132, stack(0x0000001c9ae00000,0x0000001c9af00000) (1024K)]
  0x0000020f4a75c7d0 JavaThread "Compiler Source File Reader" daemon [_thread_blocked, id=19000, stack(0x0000001c9b100000,0x0000001c9b200000) (1024K)]
  0x0000020f4a761690 JavaThread "Compiler Source File Reader" daemon [_thread_blocked, id=27360, stack(0x0000001c9d300000,0x0000001c9d400000) (1024K)]
  0x0000020f4a761d20 JavaThread "Compiler Source File Reader" daemon [_thread_blocked, id=33180, stack(0x0000001c9d400000,0x0000001c9d500000) (1024K)]
  0x0000020f4a760970 JavaThread "Compiler Source File Reader" daemon [_thread_blocked, id=12576, stack(0x0000001c9d500000,0x0000001c9d600000) (1024K)]
  0x0000020f4a7623b0 JavaThread "Compiler Source File Reader" daemon [_thread_blocked, id=31508, stack(0x0000001c9d600000,0x0000001c9d700000) (1024K)]
  0x0000020f4a761000 JavaThread "Compiler Source File Reader" daemon [_thread_blocked, id=30364, stack(0x0000001c9d700000,0x0000001c9d800000) (1024K)]
  0x0000020f4a762a40 JavaThread "Compiler Source File Reader" daemon [_thread_blocked, id=3596, stack(0x0000001c9d800000,0x0000001c9d900000) (1024K)]
  0x0000020f4a7630d0 JavaThread "Compiler Source File Reader" daemon [_thread_blocked, id=3048, stack(0x0000001c9d900000,0x0000001c9da00000) (1024K)]
  0x0000020f4a75fc50 JavaThread "Compiler Source File Reader" daemon [_thread_blocked, id=34036, stack(0x0000001c9da00000,0x0000001c9db00000) (1024K)]
  0x0000020f4a763760 JavaThread "Compiler Source File Reader" daemon [_thread_blocked, id=5692, stack(0x0000001c9db00000,0x0000001c9dc00000) (1024K)]
  0x0000020f4a7602e0 JavaThread "Compiler Source File Reader" daemon [_thread_blocked, id=11228, stack(0x0000001c9dc00000,0x0000001c9dd00000) (1024K)]
  0x0000020f4874d780 JavaThread "Compiler Class File Writer" daemon [_thread_blocked, id=29528, stack(0x0000001c9df00000,0x0000001c9e000000) (1024K)]
  0x0000020f48751290 JavaThread "Compiler Class File Writer" daemon [_thread_blocked, id=7392, stack(0x0000001c9e100000,0x0000001c9e200000) (1024K)]
  0x0000020f48751920 JavaThread "Compiler Class File Writer" daemon [_thread_blocked, id=23968, stack(0x0000001c9e200000,0x0000001c9e300000) (1024K)]
  0x0000020f48751fb0 JavaThread "Compiler Class File Writer" daemon [_thread_blocked, id=1116, stack(0x0000001c9e300000,0x0000001c9e400000) (1024K)]
  0x0000020f48752640 JavaThread "Compiler Class File Writer" daemon [_thread_blocked, id=27592, stack(0x0000001c9e400000,0x0000001c9e500000) (1024K)]
  0x0000020f4874f1c0 JavaThread "Compiler Class File Writer" daemon [_thread_blocked, id=18972, stack(0x0000001c9e500000,0x0000001c9e600000) (1024K)]
  0x0000020f48753360 JavaThread "Compiler Class File Writer" daemon [_thread_blocked, id=24208, stack(0x0000001c9e600000,0x0000001c9e700000) (1024K)]
  0x0000020f48754710 JavaThread "Compiler Class File Writer" daemon [_thread_blocked, id=28228, stack(0x0000001c9e700000,0x0000001c9e800000) (1024K)]
  0x0000020f487539f0 JavaThread "Compiler Class File Writer" daemon [_thread_blocked, id=17900, stack(0x0000001c9e800000,0x0000001c9e900000) (1024K)]
  0x0000020f48752cd0 JavaThread "Compiler Class File Writer" daemon [_thread_blocked, id=31444, stack(0x0000001c9e900000,0x0000001c9ea00000) (1024K)]
  0x0000020f48754da0 JavaThread "Compiler Class File Writer" daemon [_thread_blocked, id=15496, stack(0x0000001c9ea00000,0x0000001c9eb00000) (1024K)]
  0x0000020f48754080 JavaThread "Compiler Class File Writer" daemon [_thread_blocked, id=6688, stack(0x0000001c9eb00000,0x0000001c9ec00000) (1024K)]
  0x0000020f4bf8e210 JavaThread "Compiler Class File Writer" daemon [_thread_blocked, id=1740, stack(0x0000001c9ec00000,0x0000001c9ed00000) (1024K)]
  0x0000020f4bf8e8a0 JavaThread "Compiler Class File Writer" daemon [_thread_blocked, id=26020, stack(0x0000001c9ed00000,0x0000001c9ee00000) (1024K)]
  0x0000020f4bf902e0 JavaThread "Timer-0"                           [_thread_blocked, id=34040, stack(0x0000001c9a700000,0x0000001c9a800000) (1024K)]
  0x0000020f4bf90970 JavaThread "Connection worker"                 [_thread_in_native, id=6108, stack(0x0000001c9ad00000,0x0000001c9ae00000) (1024K)]
  0x0000020f465d6ff0 JavaThread "C2 CompilerThread1"         daemon [_thread_blocked, id=35340, stack(0x0000001c9af00000,0x0000001c9b000000) (1024K)]
Total: 89

Other Threads:
  0x0000020f64e41b90 VMThread "VM Thread"                           [id=24648, stack(0x0000001c98700000,0x0000001c98800000) (1024K)]
  0x0000020f7d62ca10 WatcherThread "VM Periodic Task Thread"        [id=11592, stack(0x0000001c98600000,0x0000001c98700000) (1024K)]
  0x0000020f64dc48d0 WorkerThread "GC Thread#0"                     [id=14072, stack(0x0000001c98500000,0x0000001c98600000) (1024K)]
  0x0000020f419b7bd0 WorkerThread "GC Thread#1"                     [id=2060, stack(0x0000001c99700000,0x0000001c99800000) (1024K)]
  0x0000020f4611bdc0 WorkerThread "GC Thread#2"                     [id=26920, stack(0x0000001c99800000,0x0000001c99900000) (1024K)]
  0x0000020f4611c160 WorkerThread "GC Thread#3"                     [id=29360, stack(0x0000001c99900000,0x0000001c99a00000) (1024K)]
  0x0000020f418d4320 WorkerThread "GC Thread#4"                     [id=27100, stack(0x0000001c99a00000,0x0000001c99b00000) (1024K)]
  0x0000020f46127da0 WorkerThread "GC Thread#5"                     [id=33100, stack(0x0000001c99b00000,0x0000001c99c00000) (1024K)]
  0x0000020f461284e0 WorkerThread "GC Thread#6"                     [id=3876, stack(0x0000001c99c00000,0x0000001c99d00000) (1024K)]
  0x0000020f46128880 WorkerThread "GC Thread#7"                     [id=31240, stack(0x0000001c99600000,0x0000001c99700000) (1024K)]
  0x0000020f46127660 WorkerThread "GC Thread#8"                     [id=25532, stack(0x0000001c99400000,0x0000001c99500000) (1024K)]
  0x0000020f46128c20 WorkerThread "GC Thread#9"                     [id=29424, stack(0x0000001c9a000000,0x0000001c9a100000) (1024K)]
  0x0000020f46127a00 WorkerThread "GC Thread#10"                    [id=32848, stack(0x0000001c9a100000,0x0000001c9a200000) (1024K)]
  0x0000020f4679bca0 WorkerThread "GC Thread#11"                    [id=33800, stack(0x0000001c9a400000,0x0000001c9a500000) (1024K)]
  0x0000020f46799860 WorkerThread "GC Thread#12"                    [id=20376, stack(0x0000001c9a800000,0x0000001c9a900000) (1024K)]
Total: 15

Threads with active compile tasks:
C2 CompilerThread0  392726 16784       4       java.lang.ClassLoader::defineClass (43 bytes)
Total: 1

VM state: not at safepoint (normal execution)

VM Mutex/Monitor currently owned by a thread: None

Heap address: 0x0000000080000000, size: 2048 MB, Compressed Oops mode: 32-bit

CDS archive(s) mapped at: [0x0000020f00000000-0x0000020f00ba0000-0x0000020f00ba0000), size 12189696, SharedBaseAddress: 0x0000020f00000000, ArchiveRelocationMode: 1.
Compressed class space mapped at: 0x0000020f01000000-0x0000020f41000000, reserved size: 1073741824
Narrow klass base: 0x0000020f00000000, Narrow klass shift: 0, Narrow klass range: 0x100000000

GC Precious Log:
 CardTable entry size: 512
 CPUs: 16 total, 16 available
 Memory: 16070M
 Large Page Support: Disabled
 NUMA Support: Disabled
 Compressed Oops: Enabled (32-bit)
 Alignments: Space 512K, Generation 512K, Heap 2M
 Heap Min Capacity: 100M
 Heap Initial Capacity: 100M
 Heap Max Capacity: 2G
 Pre-touch: Disabled
 Parallel Workers: 13

Heap:
 PSYoungGen      total 3072K, used 1107K [0x00000000d5580000, 0x00000000d5a80000, 0x0000000100000000)
  eden space 2560K, 25% used [0x00000000d5580000,0x00000000d5624f68,0x00000000d5800000)
  from space 512K, 87% used [0x00000000d5a00000,0x00000000d5a70000,0x00000000d5a80000)
  to   space 512K, 0% used [0x00000000d5980000,0x00000000d5980000,0x00000000d5a00000)
 ParOldGen       total 1290752K, used 330892K [0x0000000080000000, 0x00000000cec80000, 0x00000000d5580000)
  object space 1290752K, 25% used [0x0000000080000000,0x0000000094323378,0x00000000cec80000)
 Metaspace       used 65474K, committed 66816K, reserved 1114112K
  class space    used 6563K, committed 7168K, reserved 1048576K

Card table byte_map: [0x0000020f78a60000,0x0000020f78e70000] _byte_map_base: 0x0000020f78660000

Marking Bits: (ParMarkBitMap*) 0x00007ffe5312a340
 Begin Bits: [0x0000020f79120000, 0x0000020f7b120000)
 End Bits:   [0x0000020f7b120000, 0x0000020f7d120000)

Polling page: 0x0000020f69850000

Metaspace:

Usage:
  Non-class:     57.53 MB used.
      Class:      6.41 MB used.
       Both:     63.94 MB used.

Virtual space:
  Non-class space:       64.00 MB reserved,      58.25 MB ( 91%) committed,  1 nodes.
      Class space:        1.00 GB reserved,       7.00 MB ( <1%) committed,  1 nodes.
             Both:        1.06 GB reserved,      65.25 MB (  6%) committed. 

Chunk freelists:
   Non-Class:  5.03 MB
       Class:  9.05 MB
        Both:  14.08 MB

MaxMetaspaceSize: unlimited
CompressedClassSpaceSize: 1.00 GB
Initial GC threshold: 21.00 MB
Current GC threshold: 103.12 MB
CDS: on
 - commit_granule_bytes: 65536.
 - commit_granule_words: 8192.
 - virtual_space_node_default_size: 8388608.
 - enlarge_chunks_in_place: 1.
 - use_allocation_guard: 0.


Internal statistics:

num_allocs_failed_limit: 6.
num_arena_births: 1206.
num_arena_deaths: 14.
num_vsnodes_births: 2.
num_vsnodes_deaths: 0.
num_space_committed: 1044.
num_space_uncommitted: 0.
num_chunks_returned_to_freelist: 20.
num_chunks_taken_from_freelist: 4124.
num_chunk_merges: 7.
num_chunk_splits: 2629.
num_chunks_enlarged: 1662.
num_inconsistent_stats: 0.

CodeHeap 'non-profiled nmethods': size=119168Kb used=17441Kb max_used=17441Kb free=101726Kb
 bounds [0x0000020f71410000, 0x0000020f72520000, 0x0000020f78870000]
CodeHeap 'profiled nmethods': size=119104Kb used=36849Kb max_used=37971Kb free=82254Kb
 bounds [0x0000020f69870000, 0x0000020f6bd90000, 0x0000020f70cc0000]
CodeHeap 'non-nmethods': size=7488Kb used=1432Kb max_used=3230Kb free=6055Kb
 bounds [0x0000020f70cc0000, 0x0000020f71000000, 0x0000020f71410000]
CodeCache: size=245760Kb, used=55722Kb, max_used=58642Kb, free=190035Kb
 total_blobs=15472, nmethods=14729, adapters=646, full_count=0
Compilation: enabled, stopped_count=0, restarted_count=0

Compilation events (20 events):
Event: 389.375 Thread 0x0000020f7ec45340 16779       3       java.lang.invoke.LambdaFormBuffer::resultIndex (41 bytes)
Event: 389.375 Thread 0x0000020f7ec45340 nmethod 16779 0x0000020f6a853090 code [0x0000020f6a853240, 0x0000020f6a853500]
Event: 389.375 Thread 0x0000020f7ec45340 16780       3       java.lang.invoke.LambdaFormEditor$Transform::<init> (17 bytes)
Event: 389.375 Thread 0x0000020f7ec45340 nmethod 16780 0x0000020f6a97aa10 code [0x0000020f6a97abe0, 0x0000020f6a97af08]
Event: 389.387 Thread 0x0000020f7ec37be0 nmethod 16774 0x0000020f7250b390 code [0x0000020f7250b720, 0x0000020f7250db38]
Event: 389.387 Thread 0x0000020f7ec37be0 16782       4       jdk.internal.org.objectweb.asm.Frame::getLocal (46 bytes)
Event: 389.388 Thread 0x0000020f7ec37be0 nmethod 16782 0x0000020f7250f210 code [0x0000020f7250f3a0, 0x0000020f7250f498]
Event: 389.388 Thread 0x0000020f7ec37be0 16775       4       org.eclipse.osgi.internal.weaving.DynamicImportList::size (10 bytes)
Event: 389.388 Thread 0x0000020f7ec37be0 nmethod 16775 0x0000020f7250f590 code [0x0000020f7250f720, 0x0000020f7250f7e8]
Event: 389.592 Thread 0x0000020f7ec37be0 16783       4       org.eclipse.osgi.storage.bundlefile.ZipBundleEntry::getInputStream (12 bytes)
Event: 389.602 Thread 0x0000020f7ec37be0 nmethod 16783 0x0000020f7250f890 code [0x0000020f7250fba0, 0x0000020f72510be0]
Event: 389.612 Thread 0x0000020f7ec37be0 16784       4       java.lang.ClassLoader::defineClass (43 bytes)
Event: 389.614 Thread 0x0000020f7ec45340 16787       3       java.lang.reflect.Method::toShortSignature (78 bytes)
Event: 389.615 Thread 0x0000020f7ec45340 nmethod 16787 0x0000020f6a979c90 code [0x0000020f6a979f00, 0x0000020f6a97a670]
Event: 389.615 Thread 0x0000020f7ec45340 16786       3       java.lang.reflect.ProxyGenerator::collectCompatibleTypes (93 bytes)
Event: 389.615 Thread 0x0000020f7ec45340 nmethod 16786 0x0000020f6a979110 code [0x0000020f6a979300, 0x0000020f6a9797e8]
Event: 389.617 Thread 0x0000020f7ec45340 16788       3       java.lang.WeakPairMap$Pair$Weak::second (8 bytes)
Event: 389.617 Thread 0x0000020f7ec45340 nmethod 16788 0x0000020f6aa2ee90 code [0x0000020f6aa2f020, 0x0000020f6aa2f1d0]
Event: 389.617 Thread 0x0000020f7ec45340 16789       3       java.lang.reflect.ProxyGenerator::addProxyMethod (190 bytes)
Event: 389.617 Thread 0x0000020f7ec45340 nmethod 16789 0x0000020f6aa2d010 code [0x0000020f6aa2d360, 0x0000020f6aa2e750]

GC Heap History (20 events):
Event: 339.206 GC heap before
{Heap before GC invocations=3816 (full 4):
 PSYoungGen      total 3072K, used 2784K [0x00000000d5580000, 0x00000000d5a80000, 0x0000000100000000)
  eden space 2560K, 100% used [0x00000000d5580000,0x00000000d5800000,0x00000000d5800000)
  from space 512K, 43% used [0x00000000d5a00000,0x00000000d5a38000,0x00000000d5a80000)
  to   space 512K, 0% used [0x00000000d5980000,0x00000000d5980000,0x00000000d5a00000)
 ParOldGen       total 1290752K, used 330224K [0x0000000080000000, 0x00000000cec80000, 0x00000000d5580000)
  object space 1290752K, 25% used [0x0000000080000000,0x000000009427c278,0x00000000cec80000)
 Metaspace       used 63640K, committed 64960K, reserved 1114112K
  class space    used 6258K, committed 6848K, reserved 1048576K
}
Event: 339.207 GC heap after
{Heap after GC invocations=3816 (full 4):
 PSYoungGen      total 3072K, used 192K [0x00000000d5580000, 0x00000000d5a80000, 0x0000000100000000)
  eden space 2560K, 0% used [0x00000000d5580000,0x00000000d5580000,0x00000000d5800000)
  from space 512K, 37% used [0x00000000d5980000,0x00000000d59b0000,0x00000000d5a00000)
  to   space 512K, 0% used [0x00000000d5a00000,0x00000000d5a00000,0x00000000d5a80000)
 ParOldGen       total 1290752K, used 330248K [0x0000000080000000, 0x00000000cec80000, 0x00000000d5580000)
  object space 1290752K, 25% used [0x0000000080000000,0x0000000094282278,0x00000000cec80000)
 Metaspace       used 63640K, committed 64960K, reserved 1114112K
  class space    used 6258K, committed 6848K, reserved 1048576K
}
Event: 349.986 GC heap before
{Heap before GC invocations=3817 (full 4):
 PSYoungGen      total 3072K, used 2751K [0x00000000d5580000, 0x00000000d5a80000, 0x0000000100000000)
  eden space 2560K, 99% used [0x00000000d5580000,0x00000000d57ffff8,0x00000000d5800000)
  from space 512K, 37% used [0x00000000d5980000,0x00000000d59b0000,0x00000000d5a00000)
  to   space 512K, 0% used [0x00000000d5a00000,0x00000000d5a00000,0x00000000d5a80000)
 ParOldGen       total 1290752K, used 330248K [0x0000000080000000, 0x00000000cec80000, 0x00000000d5580000)
  object space 1290752K, 25% used [0x0000000080000000,0x0000000094282278,0x00000000cec80000)
 Metaspace       used 63640K, committed 64960K, reserved 1114112K
  class space    used 6258K, committed 6848K, reserved 1048576K
}
Event: 349.986 GC heap after
{Heap after GC invocations=3817 (full 4):
 PSYoungGen      total 3072K, used 288K [0x00000000d5580000, 0x00000000d5a80000, 0x0000000100000000)
  eden space 2560K, 0% used [0x00000000d5580000,0x00000000d5580000,0x00000000d5800000)
  from space 512K, 56% used [0x00000000d5a00000,0x00000000d5a48000,0x00000000d5a80000)
  to   space 512K, 0% used [0x00000000d5980000,0x00000000d5980000,0x00000000d5a00000)
 ParOldGen       total 1290752K, used 330304K [0x0000000080000000, 0x00000000cec80000, 0x00000000d5580000)
  object space 1290752K, 25% used [0x0000000080000000,0x0000000094290278,0x00000000cec80000)
 Metaspace       used 63640K, committed 64960K, reserved 1114112K
  class space    used 6258K, committed 6848K, reserved 1048576K
}
Event: 362.983 GC heap before
{Heap before GC invocations=3818 (full 4):
 PSYoungGen      total 3072K, used 2848K [0x00000000d5580000, 0x00000000d5a80000, 0x0000000100000000)
  eden space 2560K, 100% used [0x00000000d5580000,0x00000000d5800000,0x00000000d5800000)
  from space 512K, 56% used [0x00000000d5a00000,0x00000000d5a48000,0x00000000d5a80000)
  to   space 512K, 0% used [0x00000000d5980000,0x00000000d5980000,0x00000000d5a00000)
 ParOldGen       total 1290752K, used 330304K [0x0000000080000000, 0x00000000cec80000, 0x00000000d5580000)
  object space 1290752K, 25% used [0x0000000080000000,0x0000000094290278,0x00000000cec80000)
 Metaspace       used 63640K, committed 64960K, reserved 1114112K
  class space    used 6258K, committed 6848K, reserved 1048576K
}
Event: 362.984 GC heap after
{Heap after GC invocations=3818 (full 4):
 PSYoungGen      total 3072K, used 160K [0x00000000d5580000, 0x00000000d5a80000, 0x0000000100000000)
  eden space 2560K, 0% used [0x00000000d5580000,0x00000000d5580000,0x00000000d5800000)
  from space 512K, 31% used [0x00000000d5980000,0x00000000d59a8000,0x00000000d5a00000)
  to   space 512K, 0% used [0x00000000d5a00000,0x00000000d5a00000,0x00000000d5a80000)
 ParOldGen       total 1290752K, used 330344K [0x0000000080000000, 0x00000000cec80000, 0x00000000d5580000)
  object space 1290752K, 25% used [0x0000000080000000,0x000000009429a278,0x00000000cec80000)
 Metaspace       used 63640K, committed 64960K, reserved 1114112K
  class space    used 6258K, committed 6848K, reserved 1048576K
}
Event: 386.445 GC heap before
{Heap before GC invocations=3819 (full 4):
 PSYoungGen      total 3072K, used 2720K [0x00000000d5580000, 0x00000000d5a80000, 0x0000000100000000)
  eden space 2560K, 100% used [0x00000000d5580000,0x00000000d5800000,0x00000000d5800000)
  from space 512K, 31% used [0x00000000d5980000,0x00000000d59a8000,0x00000000d5a00000)
  to   space 512K, 0% used [0x00000000d5a00000,0x00000000d5a00000,0x00000000d5a80000)
 ParOldGen       total 1290752K, used 330344K [0x0000000080000000, 0x00000000cec80000, 0x00000000d5580000)
  object space 1290752K, 25% used [0x0000000080000000,0x000000009429a278,0x00000000cec80000)
 Metaspace       used 63641K, committed 64960K, reserved 1114112K
  class space    used 6258K, committed 6848K, reserved 1048576K
}
Event: 386.446 GC heap after
{Heap after GC invocations=3819 (full 4):
 PSYoungGen      total 3072K, used 384K [0x00000000d5580000, 0x00000000d5a80000, 0x0000000100000000)
  eden space 2560K, 0% used [0x00000000d5580000,0x00000000d5580000,0x00000000d5800000)
  from space 512K, 75% used [0x00000000d5a00000,0x00000000d5a60000,0x00000000d5a80000)
  to   space 512K, 0% used [0x00000000d5980000,0x00000000d5980000,0x00000000d5a00000)
 ParOldGen       total 1290752K, used 330344K [0x0000000080000000, 0x00000000cec80000, 0x00000000d5580000)
  object space 1290752K, 25% used [0x0000000080000000,0x000000009429a278,0x00000000cec80000)
 Metaspace       used 63641K, committed 64960K, reserved 1114112K
  class space    used 6258K, committed 6848K, reserved 1048576K
}
Event: 387.545 GC heap before
{Heap before GC invocations=3820 (full 4):
 PSYoungGen      total 3072K, used 2944K [0x00000000d5580000, 0x00000000d5a80000, 0x0000000100000000)
  eden space 2560K, 100% used [0x00000000d5580000,0x00000000d5800000,0x00000000d5800000)
  from space 512K, 75% used [0x00000000d5a00000,0x00000000d5a60000,0x00000000d5a80000)
  to   space 512K, 0% used [0x00000000d5980000,0x00000000d5980000,0x00000000d5a00000)
 ParOldGen       total 1290752K, used 330344K [0x0000000080000000, 0x00000000cec80000, 0x00000000d5580000)
  object space 1290752K, 25% used [0x0000000080000000,0x000000009429a278,0x00000000cec80000)
 Metaspace       used 63642K, committed 64960K, reserved 1114112K
  class space    used 6258K, committed 6848K, reserved 1048576K
}
Event: 387.546 GC heap after
{Heap after GC invocations=3820 (full 4):
 PSYoungGen      total 3072K, used 192K [0x00000000d5580000, 0x00000000d5a80000, 0x0000000100000000)
  eden space 2560K, 0% used [0x00000000d5580000,0x00000000d5580000,0x00000000d5800000)
  from space 512K, 37% used [0x00000000d5980000,0x00000000d59b0000,0x00000000d5a00000)
  to   space 512K, 0% used [0x00000000d5a00000,0x00000000d5a00000,0x00000000d5a80000)
 ParOldGen       total 1290752K, used 330400K [0x0000000080000000, 0x00000000cec80000, 0x00000000d5580000)
  object space 1290752K, 25% used [0x0000000080000000,0x00000000942a8278,0x00000000cec80000)
 Metaspace       used 63642K, committed 64960K, reserved 1114112K
  class space    used 6258K, committed 6848K, reserved 1048576K
}
Event: 389.334 GC heap before
{Heap before GC invocations=3821 (full 4):
 PSYoungGen      total 3072K, used 2739K [0x00000000d5580000, 0x00000000d5a80000, 0x0000000100000000)
  eden space 2560K, 99% used [0x00000000d5580000,0x00000000d57fcf00,0x00000000d5800000)
  from space 512K, 37% used [0x00000000d5980000,0x00000000d59b0000,0x00000000d5a00000)
  to   space 512K, 0% used [0x00000000d5a00000,0x00000000d5a00000,0x00000000d5a80000)
 ParOldGen       total 1290752K, used 330400K [0x0000000080000000, 0x00000000cec80000, 0x00000000d5580000)
  object space 1290752K, 25% used [0x0000000080000000,0x00000000942a8278,0x00000000cec80000)
 Metaspace       used 63752K, committed 65024K, reserved 1114112K
  class space    used 6274K, committed 6848K, reserved 1048576K
}
Event: 389.335 GC heap after
{Heap after GC invocations=3821 (full 4):
 PSYoungGen      total 3072K, used 256K [0x00000000d5580000, 0x00000000d5a80000, 0x0000000100000000)
  eden space 2560K, 0% used [0x00000000d5580000,0x00000000d5580000,0x00000000d5800000)
  from space 512K, 50% used [0x00000000d5a00000,0x00000000d5a40000,0x00000000d5a80000)
  to   space 512K, 0% used [0x00000000d5980000,0x00000000d5980000,0x00000000d5a00000)
 ParOldGen       total 1290752K, used 330408K [0x0000000080000000, 0x00000000cec80000, 0x00000000d5580000)
  object space 1290752K, 25% used [0x0000000080000000,0x00000000942aa278,0x00000000cec80000)
 Metaspace       used 63752K, committed 65024K, reserved 1114112K
  class space    used 6274K, committed 6848K, reserved 1048576K
}
Event: 389.355 GC heap before
{Heap before GC invocations=3822 (full 4):
 PSYoungGen      total 3072K, used 2816K [0x00000000d5580000, 0x00000000d5a80000, 0x0000000100000000)
  eden space 2560K, 100% used [0x00000000d5580000,0x00000000d5800000,0x00000000d5800000)
  from space 512K, 50% used [0x00000000d5a00000,0x00000000d5a40000,0x00000000d5a80000)
  to   space 512K, 0% used [0x00000000d5980000,0x00000000d5980000,0x00000000d5a00000)
 ParOldGen       total 1290752K, used 330408K [0x0000000080000000, 0x00000000cec80000, 0x00000000d5580000)
  object space 1290752K, 25% used [0x0000000080000000,0x00000000942aa278,0x00000000cec80000)
 Metaspace       used 64018K, committed 65344K, reserved 1114112K
  class space    used 6324K, committed 6912K, reserved 1048576K
}
Event: 389.356 GC heap after
{Heap after GC invocations=3822 (full 4):
 PSYoungGen      total 3072K, used 384K [0x00000000d5580000, 0x00000000d5a80000, 0x0000000100000000)
  eden space 2560K, 0% used [0x00000000d5580000,0x00000000d5580000,0x00000000d5800000)
  from space 512K, 75% used [0x00000000d5980000,0x00000000d59e0000,0x00000000d5a00000)
  to   space 512K, 0% used [0x00000000d5a00000,0x00000000d5a00000,0x00000000d5a80000)
 ParOldGen       total 1290752K, used 330416K [0x0000000080000000, 0x00000000cec80000, 0x00000000d5580000)
  object space 1290752K, 25% used [0x0000000080000000,0x00000000942ac278,0x00000000cec80000)
 Metaspace       used 64018K, committed 65344K, reserved 1114112K
  class space    used 6324K, committed 6912K, reserved 1048576K
}
Event: 389.369 GC heap before
{Heap before GC invocations=3823 (full 4):
 PSYoungGen      total 3072K, used 2944K [0x00000000d5580000, 0x00000000d5a80000, 0x0000000100000000)
  eden space 2560K, 100% used [0x00000000d5580000,0x00000000d5800000,0x00000000d5800000)
  from space 512K, 75% used [0x00000000d5980000,0x00000000d59e0000,0x00000000d5a00000)
  to   space 512K, 0% used [0x00000000d5a00000,0x00000000d5a00000,0x00000000d5a80000)
 ParOldGen       total 1290752K, used 330416K [0x0000000080000000, 0x00000000cec80000, 0x00000000d5580000)
  object space 1290752K, 25% used [0x0000000080000000,0x00000000942ac278,0x00000000cec80000)
 Metaspace       used 64324K, committed 65664K, reserved 1114112K
  class space    used 6369K, committed 6976K, reserved 1048576K
}
Event: 389.370 GC heap after
{Heap after GC invocations=3823 (full 4):
 PSYoungGen      total 3072K, used 320K [0x00000000d5580000, 0x00000000d5a80000, 0x0000000100000000)
  eden space 2560K, 0% used [0x00000000d5580000,0x00000000d5580000,0x00000000d5800000)
  from space 512K, 62% used [0x00000000d5a00000,0x00000000d5a50000,0x00000000d5a80000)
  to   space 512K, 0% used [0x00000000d5980000,0x00000000d5980000,0x00000000d5a00000)
 ParOldGen       total 1290752K, used 330564K [0x0000000080000000, 0x00000000cec80000, 0x00000000d5580000)
  object space 1290752K, 25% used [0x0000000080000000,0x00000000942d1378,0x00000000cec80000)
 Metaspace       used 64324K, committed 65664K, reserved 1114112K
  class space    used 6369K, committed 6976K, reserved 1048576K
}
Event: 389.590 GC heap before
{Heap before GC invocations=3824 (full 4):
 PSYoungGen      total 3072K, used 2870K [0x00000000d5580000, 0x00000000d5a80000, 0x0000000100000000)
  eden space 2560K, 99% used [0x00000000d5580000,0x00000000d57fdac8,0x00000000d5800000)
  from space 512K, 62% used [0x00000000d5a00000,0x00000000d5a50000,0x00000000d5a80000)
  to   space 512K, 0% used [0x00000000d5980000,0x00000000d5980000,0x00000000d5a00000)
 ParOldGen       total 1290752K, used 330564K [0x0000000080000000, 0x00000000cec80000, 0x00000000d5580000)
  object space 1290752K, 25% used [0x0000000080000000,0x00000000942d1378,0x00000000cec80000)
 Metaspace       used 64632K, committed 65984K, reserved 1114112K
  class space    used 6425K, committed 7040K, reserved 1048576K
}
Event: 389.592 GC heap after
{Heap after GC invocations=3824 (full 4):
 PSYoungGen      total 3072K, used 128K [0x00000000d5580000, 0x00000000d5a80000, 0x0000000100000000)
  eden space 2560K, 0% used [0x00000000d5580000,0x00000000d5580000,0x00000000d5800000)
  from space 512K, 25% used [0x00000000d5980000,0x00000000d59a0000,0x00000000d5a00000)
  to   space 512K, 0% used [0x00000000d5a00000,0x00000000d5a00000,0x00000000d5a80000)
 ParOldGen       total 1290752K, used 330612K [0x0000000080000000, 0x00000000cec80000, 0x00000000d5580000)
  object space 1290752K, 25% used [0x0000000080000000,0x00000000942dd378,0x00000000cec80000)
 Metaspace       used 64632K, committed 65984K, reserved 1114112K
  class space    used 6425K, committed 7040K, reserved 1048576K
}
Event: 389.605 GC heap before
{Heap before GC invocations=3825 (full 4):
 PSYoungGen      total 3072K, used 2688K [0x00000000d5580000, 0x00000000d5a80000, 0x0000000100000000)
  eden space 2560K, 100% used [0x00000000d5580000,0x00000000d5800000,0x00000000d5800000)
  from space 512K, 25% used [0x00000000d5980000,0x00000000d59a0000,0x00000000d5a00000)
  to   space 512K, 0% used [0x00000000d5a00000,0x00000000d5a00000,0x00000000d5a80000)
 ParOldGen       total 1290752K, used 330612K [0x0000000080000000, 0x00000000cec80000, 0x00000000d5580000)
  object space 1290752K, 25% used [0x0000000080000000,0x00000000942dd378,0x00000000cec80000)
 Metaspace       used 64903K, committed 66240K, reserved 1114112K
  class space    used 6475K, committed 7040K, reserved 1048576K
}
Event: 389.607 GC heap after
{Heap after GC invocations=3825 (full 4):
 PSYoungGen      total 3072K, used 224K [0x00000000d5580000, 0x00000000d5a80000, 0x0000000100000000)
  eden space 2560K, 0% used [0x00000000d5580000,0x00000000d5580000,0x00000000d5800000)
  from space 512K, 43% used [0x00000000d5a00000,0x00000000d5a38000,0x00000000d5a80000)
  to   space 512K, 0% used [0x00000000d5980000,0x00000000d5980000,0x00000000d5a00000)
 ParOldGen       total 1290752K, used 330708K [0x0000000080000000, 0x00000000cec80000, 0x00000000d5580000)
  object space 1290752K, 25% used [0x0000000080000000,0x00000000942f5378,0x00000000cec80000)
 Metaspace       used 64903K, committed 66240K, reserved 1114112K
  class space    used 6475K, committed 7040K, reserved 1048576K
}

Dll operation events (10 events):
Event: 0.433 Loaded shared library c:\Users\techn\.vscode\extensions\redhat.java-1.44.0-win32-x64\jre\21.0.8-win32-x86_64\bin\java.dll
Event: 0.469 Loaded shared library c:\Users\techn\.vscode\extensions\redhat.java-1.44.0-win32-x64\jre\21.0.8-win32-x86_64\bin\zip.dll
Event: 0.484 Loaded shared library C:\Users\techn\.vscode\extensions\redhat.java-1.44.0-win32-x64\jre\21.0.8-win32-x86_64\bin\instrument.dll
Event: 0.488 Loaded shared library C:\Users\techn\.vscode\extensions\redhat.java-1.44.0-win32-x64\jre\21.0.8-win32-x86_64\bin\net.dll
Event: 0.489 Loaded shared library C:\Users\techn\.vscode\extensions\redhat.java-1.44.0-win32-x64\jre\21.0.8-win32-x86_64\bin\nio.dll
Event: 0.491 Loaded shared library C:\Users\techn\.vscode\extensions\redhat.java-1.44.0-win32-x64\jre\21.0.8-win32-x86_64\bin\zip.dll
Event: 0.500 Loaded shared library C:\Users\techn\.vscode\extensions\redhat.java-1.44.0-win32-x64\jre\21.0.8-win32-x86_64\bin\jimage.dll
Event: 0.545 Loaded shared library c:\Users\techn\.vscode\extensions\redhat.java-1.44.0-win32-x64\jre\21.0.8-win32-x86_64\bin\verify.dll
Event: 3.082 Loaded shared library C:\Users\techn\AppData\Roaming\Code\User\globalStorage\redhat.java\1.44.0\config_win\org.eclipse.equinox.launcher\org.eclipse.equinox.launcher.win32.win32.x86_64_1.2.1400.v20250730-1736\eclipse_11913.dll
Event: 20.411 Loaded shared library C:\Users\techn\AppData\Local\Temp\jna-110235800\jna13317030671982427626.dll

Deoptimization events (20 events):
Event: 387.883 Thread 0x0000020f462e74b0 Uncommon trap: trap_request=0xffffffde fr.pc=0x0000020f71f54408 relative=0x0000000000002468
Event: 387.883 Thread 0x0000020f462e74b0 Uncommon trap: reason=class_check action=maybe_recompile pc=0x0000020f71f54408 method=java.io.BufferedReader.readLine(Z[Z)Ljava/lang/String; @ 6 c2
Event: 387.883 Thread 0x0000020f462e74b0 DEOPT PACKING pc=0x0000020f71f54408 sp=0x0000001c981feb60
Event: 387.883 Thread 0x0000020f462e74b0 DEOPT UNPACKING pc=0x0000020f70d13aa2 sp=0x0000001c981feb08 mode 2
Event: 387.883 Thread 0x0000020f462e74b0 Uncommon trap: trap_request=0xffffffde fr.pc=0x0000020f71f54408 relative=0x0000000000002468
Event: 387.883 Thread 0x0000020f462e74b0 Uncommon trap: reason=class_check action=maybe_recompile pc=0x0000020f71f54408 method=java.io.BufferedReader.readLine(Z[Z)Ljava/lang/String; @ 6 c2
Event: 387.883 Thread 0x0000020f462e74b0 DEOPT PACKING pc=0x0000020f71f54408 sp=0x0000001c981feb60
Event: 387.883 Thread 0x0000020f462e74b0 DEOPT UNPACKING pc=0x0000020f70d13aa2 sp=0x0000001c981feb08 mode 2
Event: 389.379 Thread 0x0000020f462e74b0 Uncommon trap: trap_request=0xffffff45 fr.pc=0x0000020f71b5061c relative=0x000000000000037c
Event: 389.379 Thread 0x0000020f462e74b0 Uncommon trap: reason=unstable_if action=reinterpret pc=0x0000020f71b5061c method=java.util.regex.Pattern.escape(ZZZ)I @ 8 c2
Event: 389.379 Thread 0x0000020f462e74b0 DEOPT PACKING pc=0x0000020f71b5061c sp=0x0000001c981fcf40
Event: 389.379 Thread 0x0000020f462e74b0 DEOPT UNPACKING pc=0x0000020f70d13aa2 sp=0x0000001c981fceb8 mode 2
Event: 389.379 Thread 0x0000020f462e74b0 Uncommon trap: trap_request=0xffffff45 fr.pc=0x0000020f71b4f590 relative=0x0000000000000bb0
Event: 389.379 Thread 0x0000020f462e74b0 Uncommon trap: reason=unstable_if action=reinterpret pc=0x0000020f71b4f590 method=java.util.regex.Pattern.closure(Ljava/util/regex/Pattern$Node;)Ljava/util/regex/Pattern$Node; @ 6 c2
Event: 389.379 Thread 0x0000020f462e74b0 DEOPT PACKING pc=0x0000020f71b4f590 sp=0x0000001c981fd020
Event: 389.379 Thread 0x0000020f462e74b0 DEOPT UNPACKING pc=0x0000020f70d13aa2 sp=0x0000001c981fcf28 mode 2
Event: 389.379 Thread 0x0000020f462e74b0 Uncommon trap: trap_request=0xffffff45 fr.pc=0x0000020f71b511f4 relative=0x0000000000000214
Event: 389.379 Thread 0x0000020f462e74b0 Uncommon trap: reason=unstable_if action=reinterpret pc=0x0000020f71b511f4 method=java.util.regex.Pattern.closure(Ljava/util/regex/Pattern$Node;)Ljava/util/regex/Pattern$Node; @ 6 c2
Event: 389.379 Thread 0x0000020f462e74b0 DEOPT PACKING pc=0x0000020f71b511f4 sp=0x0000001c981fcf90
Event: 389.379 Thread 0x0000020f462e74b0 DEOPT UNPACKING pc=0x0000020f70d13aa2 sp=0x0000001c981fcf20 mode 2

Classes loaded (20 events):
Event: 325.269 Loading class java/nio/file/FileTreeWalker$1
Event: 325.269 Loading class java/nio/file/FileTreeWalker$1 done
Event: 325.269 Loading class sun/nio/fs/Globs
Event: 325.270 Loading class sun/nio/fs/Globs done
Event: 325.270 Loading class java/util/regex/Pattern$SliceU
Event: 325.270 Loading class java/util/regex/Pattern$SliceU done
Event: 325.270 Loading class sun/nio/fs/WindowsFileSystem$2
Event: 325.270 Loading class java/nio/file/PathMatcher
Event: 325.271 Loading class java/nio/file/PathMatcher done
Event: 325.271 Loading class sun/nio/fs/WindowsFileSystem$2 done
Event: 386.436 Loading class java/nio/file/FileSystemLoopException
Event: 386.438 Loading class java/nio/file/FileSystemLoopException done
Event: 387.574 Loading class java/nio/file/FileChannelLinesSpliterator
Event: 387.574 Loading class java/nio/file/FileChannelLinesSpliterator done
Event: 387.574 Loading class java/util/stream/Streams$1
Event: 387.575 Loading class java/util/stream/Streams$1 done
Event: 387.575 Loading class java/nio/file/FileChannelLinesSpliterator$1
Event: 387.575 Loading class java/nio/file/FileChannelLinesSpliterator$1 done
Event: 389.372 Loading class java/util/concurrent/CopyOnWriteArraySet
Event: 389.372 Loading class java/util/concurrent/CopyOnWriteArraySet done

Classes unloaded (7 events):
Event: 128.415 Thread 0x0000020f64e41b90 Unloading class 0x0000020f011ab000 'java/lang/invoke/LambdaForm$MH+0x0000020f011ab000'
Event: 128.415 Thread 0x0000020f64e41b90 Unloading class 0x0000020f011aac00 'java/lang/invoke/LambdaForm$MH+0x0000020f011aac00'
Event: 128.415 Thread 0x0000020f64e41b90 Unloading class 0x0000020f011aa800 'java/lang/invoke/LambdaForm$MH+0x0000020f011aa800'
Event: 128.415 Thread 0x0000020f64e41b90 Unloading class 0x0000020f011aa400 'java/lang/invoke/LambdaForm$MH+0x0000020f011aa400'
Event: 128.415 Thread 0x0000020f64e41b90 Unloading class 0x0000020f011aa000 'java/lang/invoke/LambdaForm$BMH+0x0000020f011aa000'
Event: 128.415 Thread 0x0000020f64e41b90 Unloading class 0x0000020f011a9c00 'java/lang/invoke/LambdaForm$DMH+0x0000020f011a9c00'
Event: 128.415 Thread 0x0000020f64e41b90 Unloading class 0x0000020f011a8800 'java/lang/invoke/LambdaForm$DMH+0x0000020f011a8800'

Classes redefined (0 events):
No events

Internal exceptions (20 events):
Event: 387.538 Thread 0x0000020f462e74b0 Exception <a 'sun/nio/fs/WindowsException'{0x00000000d5793328}> (0x00000000d5793328) 
thrown [s\src\hotspot\share\prims\jni.cpp, line 520]
Event: 387.538 Thread 0x0000020f462e74b0 Exception <a 'sun/nio/fs/WindowsException'{0x00000000d5793938}> (0x00000000d5793938) 
thrown [s\src\hotspot\share\prims\jni.cpp, line 520]
Event: 387.538 Thread 0x0000020f462e74b0 Exception <a 'sun/nio/fs/WindowsException'{0x00000000d57980a0}> (0x00000000d57980a0) 
thrown [s\src\hotspot\share\prims\jni.cpp, line 520]
Event: 387.538 Thread 0x0000020f462e74b0 Exception <a 'sun/nio/fs/WindowsException'{0x00000000d57986a0}> (0x00000000d57986a0) 
thrown [s\src\hotspot\share\prims\jni.cpp, line 520]
Event: 387.538 Thread 0x0000020f462e74b0 Exception <a 'sun/nio/fs/WindowsException'{0x00000000d5798ca0}> (0x00000000d5798ca0) 
thrown [s\src\hotspot\share\prims\jni.cpp, line 520]
Event: 387.538 Thread 0x0000020f462e74b0 Exception <a 'sun/nio/fs/WindowsException'{0x00000000d57992c0}> (0x00000000d57992c0) 
thrown [s\src\hotspot\share\prims\jni.cpp, line 520]
Event: 387.567 Thread 0x0000020f462e74b0 Exception <a 'sun/nio/fs/WindowsException'{0x00000000d56f1828}> (0x00000000d56f1828) 
thrown [s\src\hotspot\share\prims\jni.cpp, line 520]
Event: 387.567 Thread 0x0000020f462e74b0 Exception <a 'sun/nio/fs/WindowsException'{0x00000000d56f1e00}> (0x00000000d56f1e00) 
thrown [s\src\hotspot\share\prims\jni.cpp, line 520]
Event: 387.567 Thread 0x0000020f462e74b0 Exception <a 'sun/nio/fs/WindowsException'{0x00000000d56f23e8}> (0x00000000d56f23e8) 
thrown [s\src\hotspot\share\prims\jni.cpp, line 520]
Event: 387.567 Thread 0x0000020f462e74b0 Exception <a 'sun/nio/fs/WindowsException'{0x00000000d56f29e0}> (0x00000000d56f29e0) 
thrown [s\src\hotspot\share\prims\jni.cpp, line 520]
Event: 387.568 Thread 0x0000020f462e74b0 Exception <a 'sun/nio/fs/WindowsException'{0x00000000d56f79b0}> (0x00000000d56f79b0) 
thrown [s\src\hotspot\share\prims\jni.cpp, line 520]
Event: 387.568 Thread 0x0000020f462e74b0 Exception <a 'sun/nio/fs/WindowsException'{0x00000000d56f7f88}> (0x00000000d56f7f88) 
thrown [s\src\hotspot\share\prims\jni.cpp, line 520]
Event: 387.568 Thread 0x0000020f462e74b0 Exception <a 'sun/nio/fs/WindowsException'{0x00000000d56f8570}> (0x00000000d56f8570) 
thrown [s\src\hotspot\share\prims\jni.cpp, line 520]
Event: 387.568 Thread 0x0000020f462e74b0 Exception <a 'sun/nio/fs/WindowsException'{0x00000000d56f8b68}> (0x00000000d56f8b68) 
thrown [s\src\hotspot\share\prims\jni.cpp, line 520]
Event: 387.568 Thread 0x0000020f462e74b0 Exception <a 'sun/nio/fs/WindowsException'{0x00000000d56fd210}> (0x00000000d56fd210) 
thrown [s\src\hotspot\share\prims\jni.cpp, line 520]
Event: 387.568 Thread 0x0000020f462e74b0 Exception <a 'sun/nio/fs/WindowsException'{0x00000000d56fd840}> (0x00000000d56fd840) 
thrown [s\src\hotspot\share\prims\jni.cpp, line 520]
Event: 387.568 Thread 0x0000020f462e74b0 Exception <a 'sun/nio/fs/WindowsException'{0x00000000d56fde70}> (0x00000000d56fde70) 
thrown [s\src\hotspot\share\prims\jni.cpp, line 520]
Event: 387.568 Thread 0x0000020f462e74b0 Exception <a 'sun/nio/fs/WindowsException'{0x00000000d56fe4c0}> (0x00000000d56fe4c0) 
thrown [s\src\hotspot\share\prims\jni.cpp, line 520]
Event: 389.373 Thread 0x0000020f462e74b0 Exception <a 'java/lang/NoSuchMethodError'{0x00000000d55ea908}: 'java.lang.Object java.lang.invoke.DirectMethodHandle$Holder.invokeVirtual(java.lang.Object, java.lang.Object, java.lang.Object, java.lang.Object)'> (0x00000000d55ea908) 
thrown [s\src\hotspot\share\interpreter\linkResolver.cpp, line 773]
Event: 389.374 Thread 0x0000020f462e74b0 Exception <a 'java/lang/NoSuchMethodError'{0x00000000d560d258}: 'java.lang.Object java.lang.invoke.DirectMethodHandle$Holder.invokeVirtual(java.lang.Object, java.lang.Object, java.lang.Object, java.lang.Object, java.lang.Object)'> (0x00000000d560d258) 
thrown [s\src\hotspot\share\interpreter\linkResolver.cpp, line 773]

ZGC Phase Switch (0 events):
No events

VM Operations (20 events):
Event: 362.983 Executing VM operation: ParallelGCFailedAllocation (Allocation Failure)
Event: 362.984 Executing VM operation: ParallelGCFailedAllocation (Allocation Failure) done
Event: 386.445 Executing VM operation: ParallelGCFailedAllocation (Allocation Failure)
Event: 386.446 Executing VM operation: ParallelGCFailedAllocation (Allocation Failure) done
Event: 387.545 Executing VM operation: ParallelGCFailedAllocation (Allocation Failure)
Event: 387.546 Executing VM operation: ParallelGCFailedAllocation (Allocation Failure) done
Event: 388.547 Executing VM operation: Cleanup
Event: 388.547 Executing VM operation: Cleanup done
Event: 389.334 Executing VM operation: ParallelGCFailedAllocation (Allocation Failure)
Event: 389.335 Executing VM operation: ParallelGCFailedAllocation (Allocation Failure) done
Event: 389.355 Executing VM operation: ParallelGCFailedAllocation (Allocation Failure)
Event: 389.356 Executing VM operation: ParallelGCFailedAllocation (Allocation Failure) done
Event: 389.369 Executing VM operation: ParallelGCFailedAllocation (Allocation Failure)
Event: 389.370 Executing VM operation: ParallelGCFailedAllocation (Allocation Failure) done
Event: 389.590 Executing VM operation: ParallelGCFailedAllocation (Allocation Failure)
Event: 389.592 Executing VM operation: ParallelGCFailedAllocation (Allocation Failure) done
Event: 389.605 Executing VM operation: ParallelGCFailedAllocation (Allocation Failure)
Event: 389.607 Executing VM operation: ParallelGCFailedAllocation (Allocation Failure) done
Event: 390.607 Executing VM operation: Cleanup
Event: 390.607 Executing VM operation: Cleanup done

Memory protections (0 events):
No events

Nmethod flushes (20 events):
Event: 273.183 Thread 0x0000020f64e41b90 flushing  nmethod 0x0000020f6ab69e90
Event: 273.183 Thread 0x0000020f64e41b90 flushing  nmethod 0x0000020f6ab6cc10
Event: 273.183 Thread 0x0000020f64e41b90 flushing  nmethod 0x0000020f6ab6db10
Event: 273.183 Thread 0x0000020f64e41b90 flushing  nmethod 0x0000020f6ab7bb10
Event: 273.183 Thread 0x0000020f64e41b90 flushing  nmethod 0x0000020f6ab89b10
Event: 273.183 Thread 0x0000020f64e41b90 flushing osr nmethod 0x0000020f6ab97b10
Event: 273.183 Thread 0x0000020f64e41b90 flushing  nmethod 0x0000020f6abb4910
Event: 273.183 Thread 0x0000020f64e41b90 flushing  nmethod 0x0000020f6abc2910
Event: 273.183 Thread 0x0000020f64e41b90 flushing  nmethod 0x0000020f6abdca10
Event: 273.183 Thread 0x0000020f64e41b90 flushing  nmethod 0x0000020f6abdd490
Event: 273.183 Thread 0x0000020f64e41b90 flushing  nmethod 0x0000020f6abddb90
Event: 273.183 Thread 0x0000020f64e41b90 flushing  nmethod 0x0000020f6abde810
Event: 273.183 Thread 0x0000020f64e41b90 flushing  nmethod 0x0000020f6abdff10
Event: 273.183 Thread 0x0000020f64e41b90 flushing  nmethod 0x0000020f6abe0990
Event: 273.183 Thread 0x0000020f64e41b90 flushing  nmethod 0x0000020f6abe1390
Event: 273.183 Thread 0x0000020f64e41b90 flushing  nmethod 0x0000020f6abf4290
Event: 273.183 Thread 0x0000020f64e41b90 flushing  nmethod 0x0000020f6ac1cf90
Event: 273.183 Thread 0x0000020f64e41b90 flushing  nmethod 0x0000020f6ac41c90
Event: 273.183 Thread 0x0000020f64e41b90 flushing  nmethod 0x0000020f6ac51910
Event: 273.183 Thread 0x0000020f64e41b90 flushing  nmethod 0x0000020f6ac6d110

Events (20 events):
Event: 279.744 Thread 0x0000020f7ec45340 Thread added: 0x0000020f465d6ff0
Event: 280.523 Thread 0x0000020f465d6ff0 Thread exited: 0x0000020f465d6ff0
Event: 280.529 Thread 0x0000020f465d4de0 Thread exited: 0x0000020f465d4de0
Event: 281.651 Thread 0x0000020f7ec45340 Thread added: 0x0000020f465d6ff0
Event: 281.658 Thread 0x0000020f7ec45340 Thread added: 0x0000020f465d4de0
Event: 281.972 Thread 0x0000020f465d4de0 Thread exited: 0x0000020f465d4de0
Event: 281.972 Thread 0x0000020f465d6ff0 Thread exited: 0x0000020f465d6ff0
Event: 281.977 Thread 0x0000020f7ec45340 Thread added: 0x0000020f465d4de0
Event: 282.968 Thread 0x0000020f465d4de0 Thread exited: 0x0000020f465d4de0
Event: 310.754 Thread 0x0000020f4874f850 Thread exited: 0x0000020f4874f850
Event: 325.219 Thread 0x0000020f7ec37be0 Thread added: 0x0000020f465d4de0
Event: 325.732 Thread 0x0000020f465d4de0 Thread exited: 0x0000020f465d4de0
Event: 326.035 Thread 0x0000020f7ec37be0 Thread added: 0x0000020f465d6250
Event: 326.320 Thread 0x0000020f465d6250 Thread exited: 0x0000020f465d6250
Event: 339.788 Thread 0x0000020f48750570 Thread exited: 0x0000020f48750570
Event: 384.435 Thread 0x0000020f492b2900 Thread exited: 0x0000020f492b2900
Event: 384.761 Thread 0x0000020f480ef400 Thread exited: 0x0000020f480ef400
Event: 385.219 Thread 0x0000020f492b1be0 Thread exited: 0x0000020f492b1be0
Event: 389.351 Thread 0x0000020f462e74b0 Thread added: 0x0000020f4bf902e0
Event: 389.608 Thread 0x0000020f462e74b0 Thread added: 0x0000020f4bf90970


Dynamic libraries:
0x00007ff71fd50000 - 0x00007ff71fd5e000 	c:\Users\techn\.vscode\extensions\redhat.java-1.44.0-win32-x64\jre\21.0.8-win32-x86_64\bin\java.exe
0x00007fff22100000 - 0x00007fff22367000 	C:\WINDOWS\SYSTEM32\ntdll.dll
0x00007fff21230000 - 0x00007fff212f9000 	C:\WINDOWS\System32\KERNEL32.DLL
0x00007fff1f4b0000 - 0x00007fff1f8a0000 	C:\WINDOWS\System32\KERNELBASE.dll
0x00007fff1f230000 - 0x00007fff1f37b000 	C:\WINDOWS\System32\ucrtbase.dll
0x00007ffef3430000 - 0x00007ffef344e000 	c:\Users\techn\.vscode\extensions\redhat.java-1.44.0-win32-x64\jre\21.0.8-win32-x86_64\bin\VCRUNTIME140.dll
0x00007ffee9980000 - 0x00007ffee9998000 	c:\Users\techn\.vscode\extensions\redhat.java-1.44.0-win32-x64\jre\21.0.8-win32-x86_64\bin\jli.dll
0x00007fff20850000 - 0x00007fff20a15000 	C:\WINDOWS\System32\USER32.dll
0x00007fff02010000 - 0x00007fff022aa000 	C:\WINDOWS\WinSxS\amd64_microsoft.windows.common-controls_6595b64144ccf1df_6.0.26100.4768_none_3e0c112ce331287c\COMCTL32.dll
0x00007fff21b50000 - 0x00007fff21bf9000 	C:\WINDOWS\System32\msvcrt.dll
0x00007fff21300000 - 0x00007fff2132b000 	C:\WINDOWS\System32\GDI32.dll
0x00007fff1f960000 - 0x00007fff1f987000 	C:\WINDOWS\System32\win32u.dll
0x00007fff1fa50000 - 0x00007fff1fb88000 	C:\WINDOWS\System32\gdi32full.dll
0x00007fff1f8b0000 - 0x00007fff1f953000 	C:\WINDOWS\System32\msvcp_win.dll
0x00007fff1fe90000 - 0x00007fff1febf000 	C:\WINDOWS\System32\IMM32.DLL
0x00007fff0be10000 - 0x00007fff0be1c000 	c:\Users\techn\.vscode\extensions\redhat.java-1.44.0-win32-x64\jre\21.0.8-win32-x86_64\bin\vcruntime140_1.dll
0x00007ffed9c40000 - 0x00007ffed9ccd000 	c:\Users\techn\.vscode\extensions\redhat.java-1.44.0-win32-x64\jre\21.0.8-win32-x86_64\bin\msvcp140.dll
0x00007ffe52470000 - 0x00007ffe53207000 	c:\Users\techn\.vscode\extensions\redhat.java-1.44.0-win32-x64\jre\21.0.8-win32-x86_64\bin\server\jvm.dll
0x00007fff21c80000 - 0x00007fff21d34000 	C:\WINDOWS\System32\ADVAPI32.dll
0x00007fff1fed0000 - 0x00007fff1ff76000 	C:\WINDOWS\System32\sechost.dll
0x00007fff21110000 - 0x00007fff21228000 	C:\WINDOWS\System32\RPCRT4.dll
0x00007fff21e30000 - 0x00007fff21ea4000 	C:\WINDOWS\System32\WS2_32.dll
0x00007fff1ee30000 - 0x00007fff1ee8e000 	C:\WINDOWS\SYSTEM32\POWRPROF.dll
0x00007fff0f5b0000 - 0x00007fff0f5e5000 	C:\WINDOWS\SYSTEM32\WINMM.dll
0x00007fff12d60000 - 0x00007fff12d6b000 	C:\WINDOWS\SYSTEM32\VERSION.dll
0x00007fff1ec50000 - 0x00007fff1ec64000 	C:\WINDOWS\SYSTEM32\UMPDC.dll
0x00007fff1df80000 - 0x00007fff1df9b000 	C:\WINDOWS\SYSTEM32\kernel.appcore.dll
0x00007fff0b570000 - 0x00007fff0b57a000 	c:\Users\techn\.vscode\extensions\redhat.java-1.44.0-win32-x64\jre\21.0.8-win32-x86_64\bin\jimage.dll
0x00007fff1c7c0000 - 0x00007fff1ca01000 	C:\WINDOWS\SYSTEM32\DBGHELP.DLL
0x00007fff20a20000 - 0x00007fff20da5000 	C:\WINDOWS\System32\combase.dll
0x00007fff21d40000 - 0x00007fff21e20000 	C:\WINDOWS\System32\OLEAUT32.dll
0x00007fff0cb30000 - 0x00007fff0cb73000 	C:\WINDOWS\SYSTEM32\dbgcore.DLL
0x00007fff1f380000 - 0x00007fff1f419000 	C:\WINDOWS\System32\bcryptPrimitives.dll
0x00007fff19070000 - 0x00007fff1907f000 	c:\Users\techn\.vscode\extensions\redhat.java-1.44.0-win32-x64\jre\21.0.8-win32-x86_64\bin\instrument.dll
0x00007ffee9850000 - 0x00007ffee986f000 	c:\Users\techn\.vscode\extensions\redhat.java-1.44.0-win32-x64\jre\21.0.8-win32-x86_64\bin\java.dll
0x00007fff20070000 - 0x00007fff207bd000 	C:\WINDOWS\System32\SHELL32.dll
0x00007fff1fb90000 - 0x00007fff1fd03000 	C:\WINDOWS\System32\wintypes.dll
0x00007fff1cdf0000 - 0x00007fff1d650000 	C:\WINDOWS\SYSTEM32\windows.storage.dll
0x00007fff217d0000 - 0x00007fff218c5000 	C:\WINDOWS\System32\SHCORE.dll
0x00007fff1ff80000 - 0x00007fff1ffea000 	C:\WINDOWS\System32\shlwapi.dll
0x00007fff1f150000 - 0x00007fff1f179000 	C:\WINDOWS\SYSTEM32\profapi.dll
0x00007ffee9760000 - 0x00007ffee9778000 	c:\Users\techn\.vscode\extensions\redhat.java-1.44.0-win32-x64\jre\21.0.8-win32-x86_64\bin\zip.dll
0x00007fff0b4c0000 - 0x00007fff0b4d0000 	C:\Users\techn\.vscode\extensions\redhat.java-1.44.0-win32-x64\jre\21.0.8-win32-x86_64\bin\net.dll
0x00007fff147b0000 - 0x00007fff148ce000 	C:\WINDOWS\SYSTEM32\WINHTTP.dll
0x00007fff1e540000 - 0x00007fff1e5ab000 	C:\WINDOWS\system32\mswsock.dll
0x00007ffee9040000 - 0x00007ffee9056000 	C:\Users\techn\.vscode\extensions\redhat.java-1.44.0-win32-x64\jre\21.0.8-win32-x86_64\bin\nio.dll
0x00007fff08570000 - 0x00007fff08580000 	c:\Users\techn\.vscode\extensions\redhat.java-1.44.0-win32-x64\jre\21.0.8-win32-x86_64\bin\verify.dll
0x00007fff0be30000 - 0x00007fff0be75000 	C:\Users\techn\AppData\Roaming\Code\User\globalStorage\redhat.java\1.44.0\config_win\org.eclipse.equinox.launcher\org.eclipse.equinox.launcher.win32.win32.x86_64_1.2.1400.v20250730-1736\eclipse_11913.dll
0x00007fff219a0000 - 0x00007fff21b40000 	C:\WINDOWS\System32\ole32.dll
0x00007fff1e810000 - 0x00007fff1e82b000 	C:\WINDOWS\SYSTEM32\CRYPTSP.dll
0x00007fff1dee0000 - 0x00007fff1df1b000 	C:\WINDOWS\system32\rsaenh.dll
0x00007fff1e5e0000 - 0x00007fff1e60b000 	C:\WINDOWS\SYSTEM32\USERENV.dll
0x00007fff1f120000 - 0x00007fff1f146000 	C:\WINDOWS\SYSTEM32\bcrypt.dll
0x00007fff1e800000 - 0x00007fff1e80c000 	C:\WINDOWS\SYSTEM32\CRYPTBASE.dll
0x00007fff1d960000 - 0x00007fff1d993000 	C:\WINDOWS\SYSTEM32\IPHLPAPI.DLL
0x00007fff21330000 - 0x00007fff2133a000 	C:\WINDOWS\System32\NSI.dll
0x00007fff0b240000 - 0x00007fff0b289000 	C:\Users\techn\AppData\Local\Temp\jna-110235800\jna13317030671982427626.dll
0x00007fff21980000 - 0x00007fff21988000 	C:\WINDOWS\System32\PSAPI.DLL
0x00007fff14720000 - 0x00007fff1473f000 	C:\WINDOWS\SYSTEM32\dhcpcsvc6.DLL
0x00007fff146f0000 - 0x00007fff14715000 	C:\WINDOWS\SYSTEM32\dhcpcsvc.DLL

JVMTI agents:
c:\Users\techn\.vscode\extensions\redhat.java-1.44.0-win32-x64\lombok\lombok-1.18.39-4050.jar path:c:\Users\techn\.vscode\extensions\redhat.java-1.44.0-win32-x64\jre\21.0.8-win32-x86_64\bin\instrument.dll, loaded, initialized, instrumentlib options:none

dbghelp: loaded successfully - version: 4.0.5 - missing functions: none
symbol engine: initialized successfully - sym options: 0x614 - pdb path: .;c:\Users\techn\.vscode\extensions\redhat.java-1.44.0-win32-x64\jre\21.0.8-win32-x86_64\bin;C:\WINDOWS\SYSTEM32;C:\WINDOWS\WinSxS\amd64_microsoft.windows.common-controls_6595b64144ccf1df_6.0.26100.4768_none_3e0c112ce331287c;c:\Users\techn\.vscode\extensions\redhat.java-1.44.0-win32-x64\jre\21.0.8-win32-x86_64\bin\server;C:\Users\techn\AppData\Roaming\Code\User\globalStorage\redhat.java\1.44.0\config_win\org.eclipse.equinox.launcher\org.eclipse.equinox.launcher.win32.win32.x86_64_1.2.1400.v20250730-1736;C:\Users\techn\AppData\Local\Temp\jna-110235800

VM Arguments:
jvm_args: --add-modules=ALL-SYSTEM --add-opens=java.base/java.util=ALL-UNNAMED --add-opens=java.base/java.lang=ALL-UNNAMED --add-opens=java.base/sun.nio.fs=ALL-UNNAMED -Declipse.application=org.eclipse.jdt.ls.core.id1 -Dosgi.bundles.defaultStartLevel=4 -Declipse.product=org.eclipse.jdt.ls.core.product -Djava.import.generatesMetadataFilesAtProjectRoot=false -DDetectVMInstallationsJob.disabled=true -Dfile.encoding=utf8 -XX:+UseParallelGC -XX:GCTimeRatio=4 -XX:AdaptiveSizePolicyWeight=90 -Dsun.zip.disableMemoryMapping=true -Xmx2G -Xms100m -Xlog:disable -javaagent:c:\Users\techn\.vscode\extensions\redhat.java-1.44.0-win32-x64\lombok\lombok-1.18.39-4050.jar -XX:+HeapDumpOnOutOfMemoryError -XX:HeapDumpPath=c:\Users\techn\AppData\Roaming\Code\User\workspaceStorage\8857c55765e5554855139e5f1cbb487a\redhat.java -Daether.dependencyCollector.impl=bf 
java_command: c:\Users\techn\.vscode\extensions\redhat.java-1.44.0-win32-x64\server\plugins\org.eclipse.equinox.launcher_1.7.0.v20250519-0528.jar -configuration c:\Users\techn\AppData\Roaming\Code\User\globalStorage\redhat.java\1.44.0\config_win -data c:\Users\techn\AppData\Roaming\Code\User\workspaceStorage\8857c55765e5554855139e5f1cbb487a\redhat.java\jdt_ws --pipe=\\.\pipe\lsp-5be12c88e153e89e49ec232366b1076d-sock
java_class_path (initial): c:\Users\techn\.vscode\extensions\redhat.java-1.44.0-win32-x64\server\plugins\org.eclipse.equinox.launcher_1.7.0.v20250519-0528.jar
Launcher Type: SUN_STANDARD

[Global flags]
    uintx AdaptiveSizePolicyWeight                 = 90                                        {product} {command line}
     intx CICompilerCount                          = 12                                        {product} {ergonomic}
    uintx GCTimeRatio                              = 4                                         {product} {command line}
     bool HeapDumpOnOutOfMemoryError               = true                                   {manageable} {command line}
    ccstr HeapDumpPath                             = c:\Users\techn\AppData\Roaming\Code\User\workspaceStorage\8857c55765e5554855139e5f1cbb487a\redhat.java         {manageable} {command line}
   size_t InitialHeapSize                          = 104857600                                 {product} {command line}
   size_t MaxHeapSize                              = 2147483648                                {product} {command line}
   size_t MaxNewSize                               = 715653120                                 {product} {ergonomic}
   size_t MinHeapDeltaBytes                        = 524288                                    {product} {ergonomic}
   size_t MinHeapSize                              = 104857600                                 {product} {command line}
   size_t NewSize                                  = 34603008                                  {product} {ergonomic}
    uintx NonNMethodCodeHeapSize                   = 7602480                                {pd product} {ergonomic}
    uintx NonProfiledCodeHeapSize                  = 122027880                              {pd product} {ergonomic}
   size_t OldSize                                  = 70254592                                  {product} {ergonomic}
    uintx ProfiledCodeHeapSize                     = 122027880                              {pd product} {ergonomic}
    uintx ReservedCodeCacheSize                    = 251658240                              {pd product} {ergonomic}
     bool SegmentedCodeCache                       = true                                      {product} {ergonomic}
   size_t SoftMaxHeapSize                          = 2147483648                             {manageable} {ergonomic}
     bool UseCompressedOops                        = true                           {product lp64_product} {ergonomic}
     bool UseLargePagesIndividualAllocation        = false                                  {pd product} {ergonomic}
     bool UseParallelGC                            = true                                      {product} {command line}

Logging:
Log output configuration:
 #0: stdout all=off uptime,level,tags foldmultilines=false
 #1: stderr all=off uptime,level,tags foldmultilines=false

Environment Variables:
JAVA_HOME=C:\Program Files\Java\jdk-22
PATH=C:\Program Files (x86)\Razer\ChromaBroadcast\bin;C:\Program Files\Razer\ChromaBroadcast\bin;C:\Python313\Scripts\;C:\Python313\;c:\program files (x86)\razer chroma sdk\bin;c:\program files\razer chroma sdk\bin;c:\program files (x86)\razer\chromabroadcast\bin;c:\program files\razer\chromabroadcast\bin;c:\program files\common files\oracle\java\javapath;c:\program files (x86)\common files\intel\shared files\cpp\bin\intel64;c:\windows\system32;c:\windows;c:\windows\system32\wbem;c:\windows\system32\windowspowershell\v1.0\;c:\windows\system32\openssh\;c:\program files\dotnet\;c:\program files\nvidia corporation\nvidia app\nvdlisr;c:\programdata\chocolatey\bin;c:\windows\system32;c:\windows;c:\windows\system32\wbem;c:\windows\system32\windowspowershell\v1.0\;c:\windows\system32\openssh\;c:\program files\git\cmd;c:\windows\system32\config\systemprofile\appdata\local\microsoft\windowsapps;c:\program files\java\jdk-22;;C:\Program Files (x86)\NVIDIA Corporation\PhysX\Common;C:\Program Files\CMake\bin;C:\Program Files\nodejs\;C:\Program Files\PowerShell\7\;C:\WINDOWS\system32\config\systemprofile\AppData\Local\Microsoft\WindowsApps;C:\Users\techn\.local\bin;C:\Users\techn\AppData\Local\Microsoft\WindowsApps;C:\Users\techn\AppData\Local\Programs\Microsoft VS Code\bin;D:\Code\Tools and SDKs\flutter\bin;C:\msys64\ucrt64\bin;C:\Users\techn\AppData\Local\Microsoft\WinGet\Links;C:\Program Files\heroku\bin;C:\Users\techn\AppData\Roaming\npm
USERNAME=techn
OS=Windows_NT
PROCESSOR_IDENTIFIER=Intel64 Family 6 Model 154 Stepping 3, GenuineIntel
TMP=C:\Users\techn\AppData\Local\Temp
TEMP=C:\Users\techn\AppData\Local\Temp




Periodic native trim disabled

---------------  S Y S T E M  ---------------

OS:
 Windows 11 , 64 bit Build 26100 (10.0.26100.4768)
OS uptime: 2 days 4:58 hours
Hyper-V role detected

CPU: total 16 (initial active 16) (8 cores per cpu, 2 threads per core) family 6 model 154 stepping 3 microcode 0x423, cx8, cmov, fxsr, ht, mmx, 3dnowpref, sse, sse2, sse3, ssse3, sse4.1, sse4.2, popcnt, lzcnt, tsc, tscinvbit, avx, avx2, aes, erms, clmul, bmi1, bmi2, adx, sha, fma, vzeroupper, clflush, clflushopt, clwb, hv, serialize, rdtscp, rdpid, fsrm, f16c, cet_ibt, cet_ss
Processor Information for processor 0
  Max Mhz: 2700, Current Mhz: 2700, Mhz Limit: 2700
Processor Information for processor 1
  Max Mhz: 2700, Current Mhz: 2700, Mhz Limit: 2700
Processor Information for processor 2
  Max Mhz: 2700, Current Mhz: 2700, Mhz Limit: 2700
Processor Information for processor 3
  Max Mhz: 2700, Current Mhz: 2700, Mhz Limit: 2700
Processor Information for processor 4
  Max Mhz: 2700, Current Mhz: 2700, Mhz Limit: 2700
Processor Information for processor 5
  Max Mhz: 2700, Current Mhz: 2700, Mhz Limit: 2700
Processor Information for processor 6
  Max Mhz: 2700, Current Mhz: 2700, Mhz Limit: 2700
Processor Information for processor 7
  Max Mhz: 2700, Current Mhz: 2700, Mhz Limit: 2700
Processor Information for processor 8
  Max Mhz: 2700, Current Mhz: 2700, Mhz Limit: 2700
Processor Information for processor 9
  Max Mhz: 2700, Current Mhz: 2700, Mhz Limit: 2700
Processor Information for processor 10
  Max Mhz: 2700, Current Mhz: 2700, Mhz Limit: 2700
Processor Information for processor 11
  Max Mhz: 2700, Current Mhz: 2700, Mhz Limit: 2700
Processor Information for processor 12
  Max Mhz: 2700, Current Mhz: 1995, Mhz Limit: 1971
Processor Information for processor 13
  Max Mhz: 2700, Current Mhz: 1995, Mhz Limit: 1971
Processor Information for processor 14
  Max Mhz: 2700, Current Mhz: 1995, Mhz Limit: 1971
Processor Information for processor 15
  Max Mhz: 2700, Current Mhz: 1995, Mhz Limit: 1971

Memory: 4k page, system-wide physical 16070M (1092M free)
TotalPageFile size 65222M (AvailPageFile size 0M)
current process WorkingSet (physical memory assigned to process): 789M, peak: 1706M
current process commit charge ("private bytes"): 1622M, peak: 1680M

vm_info: OpenJDK 64-Bit Server VM (21.0.8+9-LTS) for windows-amd64 JRE (21.0.8+9-LTS), built on 2025-07-15T00:00:00Z by "admin" with MS VC++ 17.7 (VS2022)

END.
